<?xml version="1.0" encoding="UTF-8"?>
<!-- Generated by org.testng.reporters.JUnitReportReporter -->
<testsuite hostname="DESKTOP-MUEUS88" failures="0" tests="1" name="MavenProject.FirstScript.CarLoan" time="0.004" errors="0" timestamp="25 Oct 2022 18:43:56 GMT">
  <testcase classname="MavenProject.FirstScript.CarLoan" name="logintoAPPforCarLoan" time="0.004"/>
</testsuite> <!-- MavenProject.FirstScript.CarLoan -->
