<?xml version="1.0" encoding="UTF-8"?>
<!-- Generated by org.testng.reporters.JUnitReportReporter -->
<testsuite hostname="DESKTOP-MUEUS88" name="MavenProject.FirstScript.CarLoan" tests="2" failures="0" timestamp="25 Oct 2022 23:33:28 GMT" time="0.001" errors="0">
  <testcase name="logintoAPPforCarLoan" time="0.001" classname="MavenProject.FirstScript.CarLoan"/>
  <testcase name="logintoBranchforCarLoan" time="0.000" classname="MavenProject.FirstScript.CarLoan"/>
</testsuite> <!-- MavenProject.FirstScript.CarLoan -->
