<?xml version="1.0" encoding="UTF-8"?>
<!-- Generated by org.testng.reporters.JUnitReportReporter -->
<testsuite hostname="DESKTOP-MUEUS88" name="MavenProject.FirstScript.PersonalLoan" tests="2" failures="0" timestamp="25 Oct 2022 23:33:28 GMT" time="0.015" errors="0">
  <testcase name="logintoBranchforPersonalLoan" time="0.002" classname="MavenProject.FirstScript.PersonalLoan"/>
  <testcase name="logintoAPPforPersonalLoan" time="0.013" classname="MavenProject.FirstScript.PersonalLoan"/>
</testsuite> <!-- MavenProject.FirstScript.PersonalLoan -->
